SF:lib/number_to_words_english.dart
DA:99,0
DA:101,3
DA:119,1
DA:120,2
DA:142,0
DA:143,0
LF:6
LH:3
end_of_record
SF:lib/src/languages/english.dart
DA:5,1
DA:8,1
DA:11,1
DA:14,1
DA:73,1
DA:77,2
DA:78,2
DA:79,1
DA:82,2
DA:83,1
DA:85,4
DA:86,3
DA:89,4
DA:90,1
DA:92,1
DA:95,2
DA:98,1
DA:100,1
DA:105,2
DA:108,3
DA:109,1
DA:110,2
DA:111,1
DA:112,1
DA:113,2
DA:116,4
DA:119,2
DA:120,1
DA:121,1
DA:122,2
DA:123,1
DA:124,1
DA:125,1
DA:126,1
DA:128,1
DA:130,1
DA:135,3
DA:136,1
DA:139,1
DA:141,1
DA:142,1
DA:145,1
DA:147,1
DA:151,1
DA:152,1
DA:153,3
DA:156,1
DA:157,1
DA:160,1
DA:161,1
DA:165,1
DA:166,3
DA:167,2
DA:168,3
DA:171,1
DA:172,3
DA:174,2
DA:179,1
DA:181,1
DA:182,1
DA:183,1
DA:184,1
DA:185,2
DA:188,2
DA:192,1
DA:194,1
DA:195,1
DA:200,1
DA:202,1
DA:204,1
DA:206,1
DA:208,1
DA:210,1
DA:212,1
DA:214,1
DA:216,1
DA:218,1
DA:220,1
DA:222,1
DA:224,1
DA:226,1
DA:228,1
DA:230,1
DA:232,1
DA:234,1
DA:236,1
DA:238,1
DA:240,1
DA:242,1
DA:244,1
DA:246,1
DA:248,1
DA:250,1
DA:252,1
DA:257,1
DA:258,2
DA:259,0
DA:263,1
DA:264,1
DA:267,1
DA:268,1
DA:269,4
DA:270,1
DA:271,4
DA:273,0
DA:275,1
DA:276,1
DA:277,0
DA:278,1
DA:279,4
DA:281,0
DA:283,1
DA:284,1
DA:285,0
DA:286,1
DA:287,4
DA:289,0
DA:291,1
DA:292,0
DA:293,0
DA:294,0
DA:295,0
DA:297,0
DA:300,1
LF:124
LH:113
end_of_record
SF:lib/src/number_to_words.dart
DA:22,0
DA:25,3
DA:26,1
DA:27,1
DA:28,1
DA:29,1
DA:30,1
DA:31,1
DA:32,1
DA:33,1
DA:34,1
DA:35,1
DA:36,1
DA:37,1
DA:53,1
DA:54,1
DA:55,1
DA:71,1
DA:72,1
DA:73,1
DA:85,4
DA:97,1
DA:98,1
DA:99,8
DA:115,1
DA:116,3
DA:141,1
DA:142,3
DA:144,2
DA:145,3
DA:147,1
DA:157,1
DA:158,1
DA:171,1
DA:172,3
DA:183,1
DA:184,3
DA:201,1
DA:202,2
DA:203,3
DA:204,1
DA:205,1
DA:206,1
DA:207,1
DA:209,1
DA:215,1
DA:216,3
DA:218,2
DA:219,3
LF:49
LH:48
end_of_record
SF:lib/src/extensions.dart
DA:19,1
DA:20,1
DA:37,1
DA:38,1
DA:51,1
DA:52,1
DA:65,1
DA:66,1
DA:78,1
DA:79,1
DA:88,1
DA:89,1
DA:98,1
DA:99,1
DA:108,1
DA:109,1
DA:118,1
DA:119,1
DA:128,1
DA:129,1
DA:138,1
DA:139,1
DA:148,1
DA:149,1
DA:158,1
DA:159,1
DA:168,1
DA:169,1
DA:187,1
DA:188,3
DA:189,1
DA:191,2
DA:213,1
DA:214,3
DA:215,0
DA:217,2
DA:227,1
DA:228,1
DA:238,1
DA:239,1
DA:249,1
DA:250,1
DA:260,1
DA:261,1
DA:271,1
DA:272,1
DA:282,0
DA:283,0
DA:293,0
DA:294,0
DA:304,0
DA:305,0
DA:315,1
DA:316,1
DA:326,1
DA:327,1
DA:337,0
DA:338,0
DA:348,0
DA:349,0
DA:368,1
DA:369,1
DA:382,1
DA:384,2
DA:396,1
DA:397,1
DA:398,3
DA:410,1
DA:411,1
DA:412,3
DA:429,1
DA:430,1
DA:431,0
DA:433,1
DA:446,1
DA:447,1
DA:462,1
DA:463,1
DA:464,1
DA:468,1
DA:469,2
DA:474,1
DA:476,1
DA:478,1
DA:480,1
DA:500,1
DA:501,1
DA:513,1
DA:514,2
DA:526,1
DA:527,1
DA:528,1
DA:529,2
DA:531,1
DA:533,2
DA:536,1
DA:537,1
DA:538,3
DA:539,2
DA:540,1
DA:541,1
DA:543,1
DA:567,1
DA:568,1
DA:582,1
DA:583,2
DA:602,1
DA:603,1
DA:604,2
DA:606,2
DA:608,3
LF:111
LH:99
end_of_record
SF:lib/src/language_base.dart
DA:22,1
DA:23,2
LF:2
LH:2
end_of_record
SF:lib/src/languages/vietnamese.dart
DA:5,1
DA:8,1
DA:11,1
DA:14,1
DA:68,1
DA:70,1
DA:75,1
DA:76,1
DA:77,3
DA:78,1
DA:79,2
DA:83,1
DA:84,1
DA:85,2
DA:86,1
DA:87,1
DA:88,3
DA:90,1
DA:91,2
DA:97,1
DA:99,1
DA:101,1
DA:102,1
DA:105,1
DA:108,3
DA:109,1
DA:110,1
DA:111,1
DA:112,1
DA:113,3
DA:115,1
DA:117,1
DA:118,1
DA:121,1
DA:124,1
DA:126,1
DA:127,0
DA:130,1
DA:132,1
DA:135,1
DA:136,1
DA:137,3
DA:139,1
DA:140,1
DA:142,1
DA:143,1
DA:146,1
DA:147,3
DA:148,2
DA:149,3
DA:152,1
DA:153,3
DA:155,2
DA:160,1
DA:162,1
DA:163,1
DA:164,1
DA:165,1
DA:166,2
DA:168,2
DA:172,1
DA:174,1
DA:175,0
DA:180,1
DA:182,1
DA:184,1
DA:186,1
DA:190,2
LF:68
LH:66
end_of_record
SF:lib/src/languages/spanish.dart
DA:5,1
DA:8,1
DA:11,1
DA:14,1
DA:74,1
DA:76,1
DA:80,1
DA:81,1
DA:82,1
DA:83,2
DA:85,0
DA:87,1
DA:88,2
DA:92,2
DA:93,2
DA:94,1
DA:95,0
DA:96,0
DA:97,0
DA:98,0
DA:99,0
DA:101,1
DA:102,2
DA:108,1
DA:110,1
DA:112,1
DA:113,1
DA:116,1
DA:119,3
DA:120,1
DA:121,1
DA:122,1
DA:123,1
DA:125,2
DA:126,1
DA:128,0
DA:131,1
DA:133,1
DA:134,1
DA:137,1
DA:140,1
DA:142,1
DA:143,0
DA:146,1
DA:148,1
DA:151,1
DA:152,1
DA:153,3
DA:155,1
DA:156,1
DA:158,1
DA:159,1
DA:162,1
DA:163,3
DA:164,2
DA:165,3
DA:168,1
DA:169,3
DA:171,2
DA:176,1
DA:178,1
DA:179,1
DA:180,1
DA:181,1
DA:182,2
DA:184,2
DA:212,1
DA:214,1
DA:215,0
DA:219,1
DA:220,1
DA:225,0
DA:226,0
LF:73
LH:62
end_of_record
SF:lib/src/languages/french.dart
DA:5,1
DA:8,1
DA:11,1
DA:14,1
DA:131,1
DA:133,1
DA:135,1
DA:136,1
DA:140,1
DA:141,1
DA:143,1
DA:146,0
DA:149,1
DA:150,3
DA:156,1
DA:158,1
DA:160,1
DA:161,1
DA:164,0
DA:167,0
DA:168,0
DA:169,0
DA:170,0
DA:171,0
DA:173,0
DA:174,0
DA:176,0
DA:178,0
DA:179,0
DA:183,0
DA:185,0
DA:186,0
DA:189,0
DA:192,0
DA:194,0
DA:195,0
DA:198,0
DA:200,0
DA:203,0
DA:204,0
DA:205,0
DA:207,0
DA:208,0
DA:210,0
DA:211,0
DA:214,0
DA:215,0
DA:216,0
DA:217,0
DA:220,0
DA:221,0
DA:223,0
DA:228,1
DA:230,1
DA:231,1
DA:232,1
DA:233,1
DA:234,0
DA:236,0
DA:240,1
DA:242,1
DA:243,0
DA:247,1
DA:249,1
DA:251,1
DA:253,0
DA:255,0
DA:257,0
DA:259,0
DA:261,0
DA:263,0
DA:265,0
DA:269,0
DA:270,0
LF:74
LH:27
end_of_record
SF:lib/src/languages/german.dart
DA:5,1
DA:8,1
DA:11,1
DA:14,1
DA:65,1
DA:67,1
DA:72,1
DA:73,1
DA:74,1
DA:77,0
DA:79,1
DA:83,1
DA:84,1
DA:85,1
DA:87,1
DA:88,1
DA:89,2
DA:90,1
DA:93,1
DA:94,1
DA:98,1
DA:100,1
DA:101,1
DA:103,0
DA:106,1
DA:107,0
DA:116,1
DA:118,1
DA:120,1
DA:121,1
DA:124,0
DA:127,0
DA:128,0
DA:129,0
DA:130,0
DA:131,0
DA:133,0
DA:135,0
DA:138,0
DA:139,0
DA:141,0
DA:145,0
DA:147,0
DA:148,0
DA:151,0
DA:154,0
DA:156,0
DA:157,0
DA:160,0
DA:162,0
DA:165,0
DA:166,0
DA:167,0
DA:169,0
DA:170,0
DA:172,0
DA:173,0
DA:176,0
DA:177,0
DA:178,0
DA:179,0
DA:182,0
DA:183,0
DA:185,0
DA:190,1
DA:192,1
DA:193,1
DA:194,1
DA:195,1
DA:196,0
DA:198,0
DA:202,1
DA:204,1
DA:205,0
DA:209,1
DA:211,1
DA:213,1
DA:215,0
DA:217,0
DA:219,0
DA:221,0
DA:223,0
DA:227,0
DA:228,0
DA:229,0
DA:231,0
LF:86
LH:37
end_of_record
SF:lib/src/languages/italian.dart
DA:5,1
DA:8,1
DA:11,1
DA:14,1
DA:64,1
DA:66,1
DA:71,1
DA:72,1
DA:73,1
DA:76,0
DA:78,1
DA:82,1
DA:83,1
DA:84,1
DA:86,1
DA:89,2
DA:91,0
DA:92,0
DA:96,1
DA:97,2
DA:100,1
DA:101,1
DA:105,1
DA:106,1
DA:107,0
DA:109,1
DA:116,1
DA:118,1
DA:120,1
DA:121,1
DA:124,0
DA:127,0
DA:128,0
DA:129,0
DA:130,0
DA:131,0
DA:132,0
DA:134,0
DA:137,0
DA:141,0
DA:142,0
DA:144,0
DA:147,0
DA:149,0
DA:153,0
DA:155,0
DA:156,0
DA:159,0
DA:162,0
DA:164,0
DA:165,0
DA:168,0
DA:170,0
DA:173,0
DA:174,0
DA:175,0
DA:177,0
DA:178,0
DA:180,0
DA:181,0
DA:184,0
DA:185,0
DA:186,0
DA:187,0
DA:190,0
DA:191,0
DA:193,0
DA:198,1
DA:200,1
DA:201,1
DA:202,1
DA:203,1
DA:204,0
DA:206,0
DA:210,0
DA:212,0
DA:213,0
DA:217,0
DA:219,0
DA:221,0
DA:223,0
DA:225,0
DA:227,0
DA:229,0
DA:231,0
DA:233,0
DA:235,0
DA:239,0
DA:240,0
LF:89
LH:31
end_of_record
SF:lib/src/languages/portuguese.dart
DA:5,1
DA:8,1
DA:11,1
DA:14,1
DA:64,1
DA:66,1
DA:71,1
DA:72,1
DA:73,1
DA:74,1
DA:76,0
DA:78,1
DA:79,2
DA:83,1
DA:84,1
DA:85,2
DA:86,1
DA:87,1
DA:88,3
DA:90,1
DA:91,2
DA:97,1
DA:99,1
DA:101,1
DA:102,1
DA:105,0
DA:108,0
DA:109,0
DA:110,0
DA:111,0
DA:112,0
DA:113,0
DA:115,0
DA:118,0
DA:119,0
DA:121,0
DA:122,0
DA:123,0
DA:125,0
DA:129,0
DA:131,0
DA:132,0
DA:135,0
DA:138,0
DA:140,0
DA:141,0
DA:144,0
DA:146,0
DA:149,0
DA:150,0
DA:151,0
DA:153,0
DA:154,0
DA:156,0
DA:157,0
DA:160,0
DA:161,0
DA:162,0
DA:163,0
DA:166,0
DA:167,0
DA:169,0
DA:174,1
DA:176,1
DA:177,1
DA:178,1
DA:179,1
DA:180,0
DA:182,0
DA:186,0
DA:188,0
DA:189,0
DA:193,0
DA:195,0
DA:197,0
DA:199,0
DA:201,0
DA:203,0
DA:205,0
DA:207,0
DA:209,0
DA:211,0
DA:215,0
DA:216,0
LF:84
LH:29
end_of_record
SF:lib/src/languages/russian.dart
DA:5,1
DA:8,1
DA:11,1
DA:14,1
DA:77,1
DA:79,1
DA:84,1
DA:85,1
DA:86,1
DA:87,1
DA:88,2
DA:92,1
DA:93,1
DA:94,2
DA:95,1
DA:96,1
DA:97,3
DA:99,1
DA:100,2
DA:106,1
DA:108,1
DA:110,1
DA:111,1
DA:114,0
DA:117,0
DA:118,0
DA:119,0
DA:120,0
DA:121,0
DA:123,0
DA:125,0
DA:127,0
DA:128,0
DA:131,0
DA:134,0
DA:136,0
DA:137,0
DA:140,0
DA:142,0
DA:145,0
DA:146,0
DA:147,0
DA:149,0
DA:150,0
DA:152,0
DA:153,0
DA:156,0
DA:157,0
DA:158,0
DA:159,0
DA:162,0
DA:163,0
DA:165,0
DA:170,1
DA:172,1
DA:173,1
DA:174,1
DA:175,1
DA:176,0
DA:178,0
DA:182,0
DA:184,0
DA:185,0
DA:189,0
DA:191,0
DA:193,0
DA:195,0
DA:197,0
DA:199,0
DA:201,0
DA:203,0
DA:205,0
DA:207,0
DA:211,0
DA:212,0
LF:75
LH:28
end_of_record
SF:lib/src/languages/chinese.dart
DA:5,1
DA:8,1
DA:11,1
DA:14,1
DA:64,1
DA:66,1
DA:71,1
DA:72,1
DA:73,2
DA:74,1
DA:75,2
DA:76,0
DA:81,1
DA:82,1
DA:83,2
DA:84,1
DA:85,1
DA:86,2
DA:88,1
DA:89,2
DA:90,2
DA:92,0
DA:94,1
DA:95,2
DA:101,1
DA:103,1
DA:105,1
DA:106,1
DA:112,0
DA:113,0
DA:114,0
DA:115,0
DA:116,0
DA:117,0
DA:122,0
DA:123,0
DA:124,0
DA:125,0
DA:126,0
DA:127,0
DA:132,0
DA:133,0
DA:139,0
DA:141,0
DA:142,0
DA:145,0
DA:147,0
DA:150,0
DA:151,0
DA:152,0
DA:154,0
DA:155,0
DA:157,0
DA:158,0
DA:161,0
DA:162,0
DA:163,0
DA:164,0
DA:167,0
DA:169,0
DA:174,1
DA:176,1
DA:177,1
DA:178,1
DA:179,1
DA:180,0
DA:182,0
DA:186,1
DA:188,1
DA:189,0
DA:193,1
DA:194,1
LF:72
LH:35
end_of_record
SF:lib/src/languages/japanese.dart
DA:5,1
DA:8,1
DA:11,1
DA:14,1
DA:55,1
DA:57,1
DA:62,1
DA:63,1
DA:64,1
DA:66,0
DA:68,0
DA:70,0
DA:73,0
DA:75,1
DA:79,1
DA:80,1
DA:81,2
DA:82,1
DA:83,1
DA:84,2
DA:86,1
DA:87,1
DA:88,1
DA:90,0
DA:92,1
DA:93,2
DA:99,1
DA:101,1
DA:103,1
DA:104,1
DA:110,0
DA:111,0
DA:112,0
DA:113,0
DA:115,0
DA:117,0
DA:121,0
DA:122,0
DA:123,0
DA:124,0
DA:125,0
DA:126,0
DA:127,0
DA:128,0
DA:130,0
DA:132,0
DA:136,0
DA:137,0
DA:143,0
DA:145,0
DA:146,0
DA:149,0
DA:151,0
DA:154,0
DA:155,0
DA:156,0
DA:158,0
DA:159,0
DA:161,0
DA:162,0
DA:165,0
DA:166,0
DA:167,0
DA:168,0
DA:169,0
DA:171,0
DA:175,0
DA:177,0
DA:182,1
DA:184,1
DA:185,1
DA:186,1
DA:187,1
DA:188,0
DA:190,0
DA:194,1
DA:196,1
DA:197,0
DA:201,1
DA:202,1
LF:80
LH:34
end_of_record
SF:lib/src/languages/dutch.dart
DA:5,1
DA:8,1
DA:11,1
DA:14,1
DA:64,1
DA:66,1
DA:71,1
DA:72,1
DA:73,1
DA:76,0
DA:78,1
DA:82,1
DA:83,1
DA:84,1
DA:86,1
DA:87,1
DA:88,2
DA:91,1
DA:92,1
DA:96,1
DA:97,1
DA:98,0
DA:100,1
DA:107,1
DA:109,1
DA:111,1
DA:112,1
DA:115,0
DA:118,0
DA:119,0
DA:120,0
DA:121,0
DA:122,0
DA:123,0
DA:125,0
DA:128,0
DA:129,0
DA:131,0
DA:135,0
DA:137,0
DA:138,0
DA:141,0
DA:144,0
DA:146,0
DA:147,0
DA:150,0
DA:152,0
DA:155,0
DA:156,0
DA:157,0
DA:159,0
DA:160,0
DA:162,0
DA:163,0
DA:166,0
DA:167,0
DA:168,0
DA:169,0
DA:172,0
DA:173,0
DA:175,0
DA:180,1
DA:182,1
DA:183,1
DA:184,1
DA:185,1
DA:186,0
DA:188,0
DA:192,0
DA:194,0
DA:195,0
DA:199,0
DA:201,0
DA:203,0
DA:205,0
DA:207,0
DA:209,0
DA:211,0
DA:213,0
DA:217,0
DA:218,0
DA:219,0
DA:221,0
LF:83
LH:30
end_of_record
SF:lib/src/languages/arabic.dart
DA:5,1
DA:8,1
DA:11,1
DA:14,1
DA:64,1
DA:66,1
DA:71,1
DA:72,1
DA:73,1
DA:75,0
DA:78,0
DA:80,1
DA:81,2
DA:85,1
DA:86,1
DA:87,2
DA:88,1
DA:89,1
DA:90,3
DA:92,1
DA:93,2
DA:99,1
DA:101,1
DA:103,1
DA:104,1
DA:107,0
DA:110,0
DA:111,0
DA:112,0
DA:113,0
DA:114,0
DA:116,0
DA:118,0
DA:120,0
DA:121,0
DA:124,0
DA:127,0
DA:129,0
DA:130,0
DA:133,0
DA:135,0
DA:138,0
DA:139,0
DA:140,0
DA:142,0
DA:143,0
DA:145,0
DA:146,0
DA:149,0
DA:150,0
DA:151,0
DA:152,0
DA:155,0
DA:156,0
DA:158,0
DA:163,1
DA:165,1
DA:166,1
DA:167,1
DA:168,1
DA:169,0
DA:171,0
DA:175,0
DA:177,0
DA:178,0
DA:182,0
DA:184,0
DA:186,0
DA:188,0
DA:190,0
DA:192,0
DA:194,0
DA:196,0
DA:198,0
DA:200,0
DA:204,0
DA:205,0
LF:77
LH:28
end_of_record
